c:\users\cfop2\desktop\nguyen cg project\debug\cgtutorial.obj
c:\users\cfop2\desktop\nguyen cg project\debug\shader.obj
c:\users\cfop2\desktop\nguyen cg project\debug\text2d.obj
c:\users\cfop2\desktop\nguyen cg project\debug\objloader.obj
c:\users\cfop2\desktop\nguyen cg project\debug\texture.obj
c:\users\cfop2\desktop\nguyen cg project\debug\textureloader.obj
c:\users\cfop2\desktop\nguyen cg project\debug\object3d.obj
c:\users\cfop2\desktop\nguyen cg project\debug\vc142.pdb
c:\users\cfop2\desktop\nguyen cg project\debug\cgtutorial.exe
c:\users\cfop2\desktop\nguyen cg project\debug\cgtutorial.ilk
c:\users\cfop2\desktop\nguyen cg project\debug\cgtutorial.pdb
c:\users\cfop2\desktop\nguyen cg project\debug\cgtutorial.res
c:\users\cfop2\desktop\nguyen cg project\debug\cgtutorial.tlog\cl.command.1.tlog
c:\users\cfop2\desktop\nguyen cg project\debug\cgtutorial.tlog\cl.read.1.tlog
c:\users\cfop2\desktop\nguyen cg project\debug\cgtutorial.tlog\cl.write.1.tlog
c:\users\cfop2\desktop\nguyen cg project\debug\cgtutorial.tlog\link.command.1.tlog
c:\users\cfop2\desktop\nguyen cg project\debug\cgtutorial.tlog\link.read.1.tlog
c:\users\cfop2\desktop\nguyen cg project\debug\cgtutorial.tlog\link.write.1.tlog
c:\users\cfop2\desktop\nguyen cg project\debug\cgtutorial.tlog\rc.command.1.tlog
c:\users\cfop2\desktop\nguyen cg project\debug\cgtutorial.tlog\rc.read.1.tlog
c:\users\cfop2\desktop\nguyen cg project\debug\cgtutorial.tlog\rc.write.1.tlog
